<?xml version="1.0" encoding="UTF-8"?>
<!-- Generated by org.testng.reporters.JUnitReportReporter -->
<testsuite hostname="DESKTOP-8ID442D" failures="0" tests="1" name="testRunners.TestRunner" time="43.296" errors="0" timestamp="2024-11-01T15:22:11 IST" skipped="0">
  <testcase classname="testRunners.TestRunner" name="runScenario" time="43.296"/>
</testsuite> <!-- testRunners.TestRunner -->
