<?xml version="1.0" encoding="UTF-8"?>
<!-- Generated by org.testng.reporters.JUnitReportReporter -->
<testsuite hostname="DESKTOP-8ID442D" failures="0" tests="1" name="testRunners.TestRunner" time="61.888" errors="0" timestamp="2024-11-04T17:56:27 IST" skipped="0">
  <testcase classname="testRunners.TestRunner" name="runScenario" time="61.888"/>
</testsuite> <!-- testRunners.TestRunner -->
